[0305765c] core libvlc debug: VLC media player - 2.2.6 Umbrella
[0305765c] core libvlc debug: Copyright © 1996-2017 the VideoLAN team
[0305765c] core libvlc debug: revision 2.2.6-0-g1aae789
[0305765c] core libvlc debug: configured with ../extras/package/win32/../../../configure  '--enable-update-check' '--enable-lua' '--enable-faad' '--enable-flac' '--enable-theora' '--enable-twolame' '--enable-quicktime' '--enable-avcodec' '--enable-merge-ffmpeg' '--enable-dca' '--enable-mpc' '--enable-libass' '--enable-x264' '--enable-schroedinger' '--enable-realrtsp' '--enable-live555' '--enable-dvdread' '--enable-shout' '--enable-goom' '--enable-caca' '--disable-sdl' '--enable-qt' '--enable-skins2' '--enable-sse' '--enable-mmx' '--enable-libcddb' '--enable-zvbi' '--disable-telx' '--enable-nls' '--host=i686-w64-mingw32' 'host_alias=i686-w64-mingw32'
[0305765c] core libvlc debug: using multimedia timers as clock source
[0305765c] core libvlc debug:  min period: 1 ms, max period: 1000000 ms
[0305765c] core libvlc debug: searching plug-in modules
[0305765c] core libvlc debug: ignoring plugins cache file
[0305765c] core libvlc debug: recursively browsing `D:\PROGRAMMING\SKIPLOOP-PROJECTS\Project1-screen-recording\node_modules\screen-capture-recorder\vlc\plugins'
[0305765c] core libvlc debug: plug-ins loaded: 28 modules
[0305765c] core libvlc debug: translation test: code is "C"
[0305765c] core libvlc debug: CPU has capabilities MMX MMXEXT SSE SSE2 SSE3 SSSE3 SSE4.1 SSE4.2 FPU 
[02ef0a54] core playlist debug: creating audio output
[02eef4b4] core audio output debug: looking for audio output module matching "any": 0 candidates
[02eef4b4] core audio output debug: no audio output modules
[02eef4b4] core audio output error: no suitable audio output module
[02eef6d4] core interface debug: looking for interface module matching "rc,none": 3 candidates
[02eef6d4] oldrc interface debug: base: localhost, port: 8088
[02eef6d4] core interface debug: net: listening to localhost port 8088
[02eef6d4] core interface debug: using interface module "oldrc"
[02f26c74] core interface debug: looking for interface module matching "hotkeys,none": 3 candidates
[02f26c74] core interface debug: no interface modules matched
[02f26c74] core interface error: no suitable interface module
[0305765c] core libvlc error: interface "hotkeys,none" initialization failed
[02f26c74] core interface debug: looking for interface module matching "globalhotkeys,none": 3 candidates
[02f26c74] core interface debug: no interface modules matched
[02f26c74] core interface error: no suitable interface module
[0305765c] core libvlc error: interface "globalhotkeys,none" initialization failed
[02f26c74] core interface debug: looking for interface module matching "dummy": 3 candidates
[02f26c74] dummy interface: VLC media player - 2.2.6 Umbrella
[02f26c74] dummy interface: Copyright © 1996-2017 the VideoLAN team
[02f26c74] dummy interface: 
Warning: if you cannot access the GUI anymore, open a command-line window, go to the directory where you installed VLC and run "vlc -I qt"

[02f26c74] dummy interface: using the dummy interface module...
[02f26c74] core interface debug: using interface module "dummy"
[02eef6d4] core interface debug: accepted socket 776 (from socket 760)
[02ef0a54] core playlist debug: adding item `screen://' ( screen:// )
[02ef0a54] core playlist debug: processing request item: screen://, node: null, skip: 0
[02ef0a54] core playlist debug: rebuilding array of current - root Playlist
[02ef0a54] core playlist debug: rebuild done - 1 items, index 0
[02ef0a54] core playlist debug: starting playback of the new playlist item
[02ef0a54] core playlist debug: resyncing on screen://
[02ef0a54] core playlist debug: screen:// is at 0
[02ef0a54] core playlist debug: creating new input thread
[02f26cf4] core input debug: Creating an input for 'screen://'
[02ef0a54] core playlist debug: requesting art for screen://
[02eff194] core stream output debug: using sout chain=`transcode{vcodec=h264,venc=x264{preset=ultrafast,profile=baseline,crf=0},fps=20,acodec=none,scale=1,width=450,height=800}:duplicate{dst=std{access=file,mux=mp4,dst="C:\Users\SLLPL04\AppData\Local\Temp\tmp-s4+rhWX+.tmp"}}'
[02eff194] core stream output debug: stream=`duplicate'
[02f095b4] core stream out debug: looking for sout stream module matching "duplicate": 3 candidates
[02f095b4] stream_out_duplicate stream out debug: creating 'duplicate'
[02f095b4] stream_out_duplicate stream out debug:  * adding `std{access=file,mux=mp4,dst="C:\Users\SLLPL04\AppData\Local\Temp\tmp-s4+rhWX+.tmp"}'[02ef0a54] 
core playlist debug: meta ok for (null), need to fetch art
[02eff194] core stream output debug: stream=`std'
[02eef4b4] core stream out debug: looking for sout stream module matching "std": 3 candidates
[02eef4b4] core stream out debug: set config option: sout-standard-access to file
[02eef4b4] core stream out debug: set config option: sout-standard-mux to mp4
[02eef4b4] core stream out debug: set config option: sout-standard-dst to C:\Users\SLLPL04\AppData\Local\Temp\tmp-s4+rhWX+.tmp
[02f25e34] core access out debug: looking for sout access module matching "file": 2 candidates
[02f12264] [02f0a1fc] core art finder debug: core art finder debug: looking for meta fetcher module matching "any": 0 candidateslooking for meta fetcher module matching "any": 0 candidates

[02f0a1fc] core art finder debug: no meta fetcher modules
[02f12264] core art finder debug: no meta fetcher modules
[02f25e34] access_output_file access out debug: file access output opened (C:\Users\SLLPL04\AppData\Local\Temp\tmp-s4+rhWX+.tmp)
[02ef0a54] core playlist debug: searching art for screen://
[0305765c] [02f25e34] core libvlc debug: core access out debug: searching art for screen://
using sout access module "access_output_file"
[02f0a184] core art finder debug: looking for art finder module matching "any": 0 candidates
[02f09fa4] [02eef5fc] core mux debug: core art finder debug: looking for sout mux module matching "mp4": 3 candidateslooking for art finder module matching "any": 0 candidates

[02f09fa4] core art finder debug: no art finder modules
[02f0a184] core art finder debug: [0305765c] no art finder modules
core libvlc debug: [02ef0a54] art not found for screen://core playlist debug: 
[02eef5fc] art not found for screen://
mux_mp4 mux debug: Mp4 muxer opened
[02eef5fc] core mux debug: using sout mux module "mux_mp4"
[02eef4b4] stream_out_standard stream out debug: using `file/mp4://C:\Users\SLLPL04\AppData\Local\Temp\tmp-s4+rhWX+.tmp'
[02eef4b4] core stream out debug: using sout stream module "stream_out_standard"
[02f095b4] core stream out debug: using sout stream module "stream_out_duplicate"
[02eff194] core stream output debug: stream=`transcode'
[02f153fc] core stream out debug: looking for sout stream module matching "transcode": 3 candidates
[02f153fc] core stream out debug: set config option: sout-transcode-vcodec to h264
[02f153fc] core stream out debug: set config option: sout-transcode-venc to x264{preset=ultrafast,profile=baseline,crf=0}
[02f153fc] core stream out debug: set config option: sout-transcode-fps to 20
[02f153fc] core stream out debug: set config option: sout-transcode-acodec to none
[02f153fc] core stream out debug: set config option: sout-transcode-scale to 1
[02f153fc] core stream out debug: set config option: sout-transcode-width to 450
[02f153fc] core stream out debug: set config option: sout-transcode-height to 800
[02f153fc] stream_out_transcode stream out debug: Checking codec mapping for none got none 
[02f153fc] stream_out_transcode stream out debug: codec audio=none 0Hz 0 channels 96Kb/s
[02f153fc] stream_out_transcode stream out debug: Checking video codec mapping for h264 got h264 
[02f153fc] stream_out_transcode stream out debug: codec video=h264 450x800 scaling: 1.000000 0kb/s
[02f153fc] core stream out debug: using sout stream module "stream_out_transcode"
[02f26cf4] core input debug: using timeshift granularity of 50 MiB, in path 'C:\Users\SLLPL04\AppData\Local\Temp'
[02f26cf4] core input debug: `screen://' gives access `screen' demux `' path `'
[02f26cf4] core input debug: specified demux `any'
[02f26cf4] core input debug: creating demux: access='screen' demux='any' location='' file='(null)'
[02eef54c] core demux debug: looking for access_demux module matching "screen": 1 candidates
[02eef54c] screen demux debug: capturing subscreen top: 0, left: 0, width: 450, height: 800
[02eef54c] screen demux debug: screen width: 1920, height: 1080, depth: 32
[02f26cf4] core input debug: selecting program id=0
[02eef54c] core demux debug: using access_demux module "screen"
[02f26cf4] core input error: option sub-delay does not exist
[02f0a4b4] core decoder debug: looking for packetizer module matching "any": 3 candidates
[02f0a4b4] core decoder debug: using packetizer module "rawvideo"
[02f26cf4] core input debug: starting in sync mode
[02f05b54] core demux meta debug: looking for meta reader module matching "any": 0 candidates
[02f05b54] core demux meta debug: no meta reader modules
[02f26cf4] core input debug: `screen://' successfully opened
[02f26cf4] core input debug: Buffering 0%
[02f26cf4] core input debug: switching to async mode
[02eff194] core stream output debug: adding a new sout input (sout_input:02f07870)
[02f153fc] stream_out_transcode stream out debug: creating video transcoding from fcc=`RV32' to fcc=`h264'
[02f0af04] core generic debug: looking for decoder module matching "any": 3 candidates
[02f0af04] core generic debug: using decoder module "rawvideo"
[02f16afc] core encoder debug: looking for encoder module matching "x264": 3 candidates
[02f16afc] x264 encoder debug: version x264 0.142.X
[02f16afc] core encoder debug: set config option: sout-x264-preset to ultrafast
[02f16afc] core encoder debug: set config option: sout-x264-profile to baseline
[02f16afc] core encoder debug: set config option: sout-x264-crf to 0
[02f16afc] x264 encoder: using cpu capabilities: MMX2 SSE2Fast SSSE3 SSE4.2 AVX AVX2 FMA3 LZCNT BMI2

[02f16afc] x264 encoder: profile Constrained Baseline, level 3.0

[02f16afc] core encoder debug: using encoder module "x264"
[02f16afc] core encoder debug: removing module "x264"
[02f16afc] x264 encoder debug: framecount still in libx264 buffer: 0
[02f26cf4] core input debug: Buffering 12%
[02f26cf4] core input debug: Buffering 25%
[02f26cf4] core input debug: Buffering 37%
[02f26cf4] core input debug: Buffering 50%
[02f26cf4] core input debug: Buffering 62%
[02f26cf4] core input debug: Buffering 75%
[02f26cf4] core input debug: Buffering 87%
[02f26cf4] core input debug: Buffering 100%
[02f26cf4] core input debug: Stream buffering done (450 ms in 460 ms)
[02f26cf4] core input debug: Decoder wait done in 0 ms
[02f153fc] stream_out_transcode stream out debug: decoder aspect is 0.562500:1
[02f153fc] stream_out_transcode stream out debug: source pixel aspect is 1.000000:1
[02f153fc] stream_out_transcode stream out debug: scaled pixel aspect is 1.000000:1
[02f153fc] stream_out_transcode stream out debug: source 450x800, destination 450x800
[02f153fc] stream_out_transcode stream out debug: source fps 20/1, destination 20/1
[02f153fc] stream_out_transcode stream out: input interval 50000 (base 1)
[02f153fc] stream_out_transcode stream out: output interval 50000 (base 1)
[02f153fc] stream_out_transcode stream out debug: encoder aspect is 450:800
[0613034c] core filter debug: looking for video filter2 module matching "any": 4 candidates
[0613034c] swscale filter debug: 450x800 (450x800) chroma: RV32 -> 450x800 (450x800) chroma: I420 with scaling using Bicubic (good quality)
[0613034c] core filter debug: using video filter2 module "swscale"
[02f153fc] core stream out debug: Filter 'Swscale' (0613034c) appended to chain
[02f153fc] stream_out_transcode stream out debug: destination (after video filters) 450x800
[02f16afc] core encoder debug: looking for encoder module matching "x264": 3 candidates
[02f16afc] x264 encoder debug: version x264 0.142.X
[02f16afc] core encoder debug: set config option: sout-x264-preset to ultrafast
[02f16afc] core encoder debug: set config option: sout-x264-profile to baseline
[02f16afc] core encoder debug: set config option: sout-x264-crf to 0
[02f16afc] x264 encoder: using SAR=1/1

[02f16afc] x264 encoder: using cpu capabilities: MMX2 SSE2Fast SSSE3 SSE4.2 AVX AVX2 FMA3 LZCNT BMI2

[02f16afc] x264 encoder: profile Constrained Baseline, level 3.0

[02f16afc] core encoder debug: using encoder module "x264"
[02f095b4] stream_out_duplicate stream out debug: duplicated a new stream codec=h264 (es=0 group=0)
[02eef5fc] core mux debug: adding a new input
[02eef5fc] mux_mp4 mux debug: adding input
[02f095b4] stream_out_duplicate stream out debug:     - added for output 0
[0305765c] core libvlc debug: exiting
[0305765c] core libvlc debug: removing all interfaces
[0305765c] core libvlc debug: exiting
[0305765c] core libvlc debug: no exit handler
[02f26c74] core interface debug: removing module "dummy"
[02eef6d4] core interface debug: removing module "oldrc"
[02ef0a54] core playlist debug: destroying
[02ef0a54] core playlist debug: deactivating the playlist
[02ef0a54] core playlist debug: incoming request - stopping current input
[02f26cf4] core input debug: control: stopping input
[02ef0a54] core playlist debug: incoming request - stopping current input
[02ef0a54] core playlist debug: finished input
[02f0a4b4] core decoder debug: removing module "rawvideo"
[02f0a4b4] core decoder debug: killing decoder fourcc `RV32', 0 PES in FIFO
[02eff194] core stream output debug: removing a sout input (sout_input:02f07870)
[02f0af04] core generic debug: removing module "rawvideo"
[02f16afc] core encoder debug: removing module "x264"
[02f16afc] x264 encoder debug: framecount still in libx264 buffer: 0
[02f16afc] x264 encoder: frame I:4     Avg QP:12.50  size: 31932

[02f16afc] x264 encoder: frame P:950   Avg QP:12.72  size:  1108

[02f16afc] x264 encoder: mb I  I16..4: 100.0%  0.0%  0.0%

[02f16afc] x264 encoder: mb P  I16..4:  3.2%  0.0%  0.4%  P16..4:  4.5%  0.1%  0.0%  0.0%  0.0%    skip:91.8%

[02f16afc] x264 encoder: coded y,uvDC,uvAC intra: 10.2% 10.9% 9.9% inter: 1.3% 3.0% 1.1%

[02f16afc] x264 encoder: i16 v,h,dc,p: 69% 31%  0%  0%

[02f16afc] x264 encoder: i4 v,h,dc,ddl,ddr,vr,hd,vl,hu: 32% 30% 21%  2%  3%  3%  3%  2%  3%

[02f16afc] x264 encoder: i8c dc,h,v,p: 69% 18% 13%  0%

[02f16afc] x264 encoder: kb/s:197.97

[02f153fc] core stream out debug: Filter 0613034c removed from chain
[0613034c] core filter debug: removing module "swscale"
[02eef5fc] mux_mp4 mux debug: removing input
[02eef5fc] core mux warning: no more input streams for this mux
[02eef54c] core demux debug: removing module "screen"
[02f26cf4] core input debug: Program doesn't contain anymore ES
[02ef0a54] core playlist debug: incoming request - stopping current input
[02ef0a54] core playlist debug: dead input
[02eff194] core stream output debug: destroying useless sout
[02f153fc] core stream out debug: destroying chain... (name=transcode)
[02f153fc] core stream out debug: removing module "stream_out_transcode"
[02f153fc] core stream out debug: destroying chain done
[02f095b4] core stream out debug: destroying chain... (name=duplicate)
[02f095b4] core stream out debug: removing module "stream_out_duplicate"
[02f095b4] stream_out_duplicate stream out debug: closing a duplication
[02eef4b4] core stream out debug: destroying chain... (name=std)
[02eef4b4] core stream out debug: removing module "stream_out_standard"
[02eef5fc] core mux debug: removing module "mux_mp4"
[02eef5fc] mux_mp4 mux debug: Close
[02eef5fc] mux_mp4 mux debug: movie duration 47s
[02eef5fc] mux_mp4 mux debug: created 1 chunks (stco)
[02f25e34] core access out debug: removing module "access_output_file"
[02f25e34] access_output_file access out debug: file access output closed
[02eef4b4] core stream out debug: destroying chain done
[02f095b4] core stream out debug: destroying chain done
